0 info it worked if it ends with ok
1 verbose cli [ '/home/employee/.nvm/versions/node/v6.0.0/bin/node',
1 verbose cli   '/home/employee/.nvm/versions/node/v6.0.0/bin/npm',
1 verbose cli   'run',
1 verbose cli   'api' ]
2 info using npm@3.8.6
3 info using node@v6.0.0
4 verbose run-script [ 'preapi', 'api', 'postapi' ]
5 info lifecycle angular-event-manager@0.0.0~preapi: angular-event-manager@0.0.0
6 silly lifecycle angular-event-manager@0.0.0~preapi: no script for preapi, continuing
7 info lifecycle angular-event-manager@0.0.0~api: angular-event-manager@0.0.0
8 verbose lifecycle angular-event-manager@0.0.0~api: unsafe-perm in lifecycle true
9 verbose lifecycle angular-event-manager@0.0.0~api: PATH: /home/employee/.nvm/versions/node/v6.0.0/lib/node_modules/npm/bin/node-gyp-bin:/home/employee/IdeaProjectsx2/EventManagerV2/EventManager/client/node_modules/.bin:/home/employee/.nvm/versions/node/v6.0.0/bin:/home/employee/bin:/home/employee/.local/bin:/home/employee/.nvm/versions/node/v6.0.0/bin:/usr/local/heroku/bin:/home/employee/bin:/home/employee/.local/bin:/usr/local/sbin:/usr/local/bin:/usr/sbin:/usr/bin:/sbin:/bin:/usr/games:/usr/local/games:/snap/bin:/snap/bin
10 verbose lifecycle angular-event-manager@0.0.0~api: CWD: /home/employee/IdeaProjectsx2/EventManagerV2/EventManager/client
11 silly lifecycle angular-event-manager@0.0.0~api: Args: [ '-c', 'ng serve --proxy-config proxy.config.json' ]
12 silly lifecycle angular-event-manager@0.0.0~api: Returned: code: 1  signal: null
13 info lifecycle angular-event-manager@0.0.0~api: Failed to exec api script
14 verbose stack Error: angular-event-manager@0.0.0 api: `ng serve --proxy-config proxy.config.json`
14 verbose stack Exit status 1
14 verbose stack     at EventEmitter.<anonymous> (/home/employee/.nvm/versions/node/v6.0.0/lib/node_modules/npm/lib/utils/lifecycle.js:239:16)
14 verbose stack     at emitTwo (events.js:106:13)
14 verbose stack     at EventEmitter.emit (events.js:191:7)
14 verbose stack     at ChildProcess.<anonymous> (/home/employee/.nvm/versions/node/v6.0.0/lib/node_modules/npm/lib/utils/spawn.js:24:14)
14 verbose stack     at emitTwo (events.js:106:13)
14 verbose stack     at ChildProcess.emit (events.js:191:7)
14 verbose stack     at maybeClose (internal/child_process.js:850:16)
14 verbose stack     at Process.ChildProcess._handle.onexit (internal/child_process.js:215:5)
15 verbose pkgid angular-event-manager@0.0.0
16 verbose cwd /home/employee/IdeaProjectsx2/EventManagerV2/EventManager/client/src/app
17 error Linux 4.4.0-47-generic
18 error argv "/home/employee/.nvm/versions/node/v6.0.0/bin/node" "/home/employee/.nvm/versions/node/v6.0.0/bin/npm" "run" "api"
19 error node v6.0.0
20 error npm  v3.8.6
21 error code ELIFECYCLE
22 error angular-event-manager@0.0.0 api: `ng serve --proxy-config proxy.config.json`
22 error Exit status 1
23 error Failed at the angular-event-manager@0.0.0 api script 'ng serve --proxy-config proxy.config.json'.
23 error Make sure you have the latest version of node.js and npm installed.
23 error If you do, this is most likely a problem with the angular-event-manager package,
23 error not with npm itself.
23 error Tell the author that this fails on your system:
23 error     ng serve --proxy-config proxy.config.json
23 error You can get information on how to open an issue for this project with:
23 error     npm bugs angular-event-manager
23 error Or if that isn't available, you can get their info via:
23 error     npm owner ls angular-event-manager
23 error There is likely additional logging output above.
24 verbose exit [ 1, true ]
